Using pre-set license
Built from '2020.3/staging' branch; Version is '2020.3.10f1 (297d780c91bc) revision 2719096'; Using compiler version '192528614'; Build Type 'Release'
OS: 'Windows 10 Pro; OS build 19042.1466; Version 2009; 64bit' Language: 'ru' Physical Memory: 16325 MB
BatchMode: 1, IsHumanControllingUs: 0, StartBugReporterOnCrash: 0, Is64bit: 1, IsPro: 0

 COMMAND LINE ARGUMENTS:
C:\Program Files\Unity\Hub\Editor\2020.3.10f1\Editor\Unity.exe
-adb2
-batchMode
-noUpm
-name
AssetImportWorker0
-projectPath
D:/UnityProjects/GIT/ThatProject/ThatProject
-logFile
Logs/AssetImportWorker0.log
-srvPort
65017
Successfully changed project path to: D:/UnityProjects/GIT/ThatProject/ThatProject
D:/UnityProjects/GIT/ThatProject/ThatProject
Using Asset Import Pipeline V2.
Refreshing native plugins compatible for Editor in 34.53 ms, found 2 plugins.
Preloading 0 native plugins for Editor in 0.00 ms.
Initialize engine version: 2020.3.10f1 (297d780c91bc)
[Subsystems] Discovering subsystems at path C:/Program Files/Unity/Hub/Editor/2020.3.10f1/Editor/Data/Resources/UnitySubsystems
[Subsystems] Discovering subsystems at path D:/UnityProjects/GIT/ThatProject/ThatProject/Assets
GfxDevice: creating device client; threaded=0
Direct3D:
    Version:  Direct3D 11.0 [level 11.1]
    Renderer: NVIDIA GeForce GTX 1060 6GB (ID=0x1b83)
    Vendor:   
    VRAM:     6052 MB
    Driver:   30.0.14.7212
Initialize mono
Mono path[0] = 'C:/Program Files/Unity/Hub/Editor/2020.3.10f1/Editor/Data/Managed'
Mono path[1] = 'C:/Program Files/Unity/Hub/Editor/2020.3.10f1/Editor/Data/MonoBleedingEdge/lib/mono/unityjit'
Mono config path = 'C:/Program Files/Unity/Hub/Editor/2020.3.10f1/Editor/Data/MonoBleedingEdge/etc'
Using monoOptions --debugger-agent=transport=dt_socket,embedding=1,server=y,suspend=n,address=127.0.0.1:56028
Begin MonoManager ReloadAssembly
Registering precompiled unity dll's ...
Register platform support module: C:/Program Files/Unity/Hub/Editor/2020.3.10f1/Editor/Data/PlaybackEngines/WindowsStandaloneSupport/UnityEditor.WindowsStandalone.Extensions.dll
Registered in 0.003499 seconds.
Native extension for WindowsStandalone target not found
Refreshing native plugins compatible for Editor in 31.85 ms, found 2 plugins.
Preloading 0 native plugins for Editor in 0.00 ms.
Mono: successfully reloaded assembly
- Completed reload, in  4.371 seconds
Platform modules already initialized, skipping
Registering precompiled user dll's ...
Registered in 0.006669 seconds.
Begin MonoManager ReloadAssembly
Native extension for WindowsStandalone target not found
Refreshing native plugins compatible for Editor in 0.41 ms, found 2 plugins.
Preloading 0 native plugins for Editor in 0.00 ms.
Mono: successfully reloaded assembly
- Completed reload, in  1.174 seconds
Platform modules already initialized, skipping
========================================================================
Worker process is ready to serve import requests
Launched and connected shader compiler UnityShaderCompiler.exe after 0.25 seconds
Refreshing native plugins compatible for Editor in 0.38 ms, found 2 plugins.
Preloading 0 native plugins for Editor in 0.00 ms.
Unloading 1446 Unused Serialized files (Serialized files now loaded: 0)
System memory in use before: 66.1 MB.
System memory in use after: 66.2 MB.

Unloading 19 unused Assets to reduce memory usage. Loaded Objects now: 1880.
Total: 2.328000 ms (FindLiveObjects: 0.195900 ms CreateObjectMapping: 0.101200 ms MarkObjects: 1.949200 ms  DeleteObjects: 0.080700 ms)

========================================================================
Received Import Request.
  path: Assets/_Game/[0] Scripts/ScriptableObjects/Heroes
  artifactKey: Guid(622d4ec79ba100e42aa9c3d319f890b0) Importer(815301076,1909f56bfc062723c751e8b465ee728b)
Start importing Assets/_Game/[0] Scripts/ScriptableObjects/Heroes using Guid(622d4ec79ba100e42aa9c3d319f890b0) Importer(815301076,1909f56bfc062723c751e8b465ee728b)  -> (artifact id: 'eb0eef968fadb94b71644e3b713863d5') in 0.037774 seconds
  Import took 0.339961 seconds .

========================================================================
Received Import Request.
  Time since last request: 1.540283 seconds.
  path: Assets/_Game/[0] Scripts/ScriptableObjects/Heroes/Hero.cs
  artifactKey: Guid(4935ed5e00ab4a84f993fe4f451b1247) Importer(815301076,1909f56bfc062723c751e8b465ee728b)
Start importing Assets/_Game/[0] Scripts/ScriptableObjects/Heroes/Hero.cs using Guid(4935ed5e00ab4a84f993fe4f451b1247) Importer(815301076,1909f56bfc062723c751e8b465ee728b)  -> (artifact id: '15d5c077d2c8dbdf2014e1a419960fef') in 0.256371 seconds
  Import took 0.512744 seconds .

========================================================================
Received Prepare
Registering precompiled user dll's ...
Registered in 0.006478 seconds.
Begin MonoManager ReloadAssembly
Native extension for WindowsStandalone target not found
Refreshing native plugins compatible for Editor in 0.41 ms, found 2 plugins.
Preloading 0 native plugins for Editor in 0.00 ms.
Mono: successfully reloaded assembly
- Completed reload, in  1.128 seconds
Platform modules already initialized, skipping
Refreshing native plugins compatible for Editor in 0.41 ms, found 2 plugins.
Preloading 0 native plugins for Editor in 0.00 ms.
Unloading 1442 Unused Serialized files (Serialized files now loaded: 0)
System memory in use before: 66.1 MB.
System memory in use after: 66.2 MB.

Unloading 14 unused Assets to reduce memory usage. Loaded Objects now: 1884.
Total: 1.918500 ms (FindLiveObjects: 0.139300 ms CreateObjectMapping: 0.053500 ms MarkObjects: 1.663700 ms  DeleteObjects: 0.060600 ms)

========================================================================
Received Prepare
Registering precompiled user dll's ...
Registered in 0.007001 seconds.
Begin MonoManager ReloadAssembly
Native extension for WindowsStandalone target not found
Refreshing native plugins compatible for Editor in 0.40 ms, found 2 plugins.
Preloading 0 native plugins for Editor in 0.00 ms.
Mono: successfully reloaded assembly
- Completed reload, in  1.078 seconds
Platform modules already initialized, skipping
Refreshing native plugins compatible for Editor in 0.58 ms, found 2 plugins.
Preloading 0 native plugins for Editor in 0.00 ms.
Unloading 1442 Unused Serialized files (Serialized files now loaded: 0)
System memory in use before: 66.1 MB.
System memory in use after: 66.2 MB.

Unloading 14 unused Assets to reduce memory usage. Loaded Objects now: 1887.
Total: 1.936900 ms (FindLiveObjects: 0.155000 ms CreateObjectMapping: 0.052100 ms MarkObjects: 1.643000 ms  DeleteObjects: 0.085500 ms)

========================================================================
Received Import Request.
  Time since last request: 795.877917 seconds.
  path: Assets/_Game/[0] Scripts/ScriptableObjects/Heroes/HeroData.cs
  artifactKey: Guid(4935ed5e00ab4a84f993fe4f451b1247) Importer(815301076,1909f56bfc062723c751e8b465ee728b)
Start importing Assets/_Game/[0] Scripts/ScriptableObjects/Heroes/HeroData.cs using Guid(4935ed5e00ab4a84f993fe4f451b1247) Importer(815301076,1909f56bfc062723c751e8b465ee728b)  -> (artifact id: 'ac8387bbb485d947b127fe56c92d0d76') in 0.010968 seconds
  Import took 0.028446 seconds .

========================================================================
Received Import Request.
  Time since last request: 16.478438 seconds.
  path: Assets/_Game/[0] Scripts/WatchTower.asmdef
  artifactKey: Guid(261a90c509979934fb822acaa32e2aa3) Importer(815301076,1909f56bfc062723c751e8b465ee728b)
Start importing Assets/_Game/[0] Scripts/WatchTower.asmdef using Guid(261a90c509979934fb822acaa32e2aa3) Importer(815301076,1909f56bfc062723c751e8b465ee728b)  -> (artifact id: '55d66ff7226f2b4ffc7ccb87d06e0d6d') in 0.146849 seconds
  Import took 0.240492 seconds .

========================================================================
Received Import Request.
  Time since last request: 0.010985 seconds.
  path: Assets/_Game/[0] Scripts/WatchTower.asmdef
  artifactKey: Guid(261a90c509979934fb822acaa32e2aa3) Importer(815301076,1909f56bfc062723c751e8b465ee728b)
Start importing Assets/_Game/[0] Scripts/WatchTower.asmdef using Guid(261a90c509979934fb822acaa32e2aa3) Importer(815301076,1909f56bfc062723c751e8b465ee728b)  -> (artifact id: '55d66ff7226f2b4ffc7ccb87d06e0d6d') in 0.004796 seconds
  Import took 0.015951 seconds .

========================================================================
Received Prepare
Registering precompiled user dll's ...
Registered in 0.006222 seconds.
Begin MonoManager ReloadAssembly
Native extension for WindowsStandalone target not found
Refreshing native plugins compatible for Editor in 0.43 ms, found 2 plugins.
Preloading 0 native plugins for Editor in 0.00 ms.
Mono: successfully reloaded assembly
- Completed reload, in  1.096 seconds
Platform modules already initialized, skipping
Refreshing native plugins compatible for Editor in 0.40 ms, found 2 plugins.
Preloading 0 native plugins for Editor in 0.00 ms.
Unloading 1442 Unused Serialized files (Serialized files now loaded: 0)
System memory in use before: 66.2 MB.
System memory in use after: 66.2 MB.

Unloading 14 unused Assets to reduce memory usage. Loaded Objects now: 1890.
Total: 1.944000 ms (FindLiveObjects: 0.139900 ms CreateObjectMapping: 0.053100 ms MarkObjects: 1.692500 ms  DeleteObjects: 0.057400 ms)

========================================================================
Received Prepare
Registering precompiled user dll's ...
Registered in 0.007959 seconds.
Begin MonoManager ReloadAssembly
Native extension for WindowsStandalone target not found
Refreshing native plugins compatible for Editor in 0.39 ms, found 2 plugins.
Preloading 0 native plugins for Editor in 0.00 ms.
Mono: successfully reloaded assembly
- Completed reload, in  1.077 seconds
Platform modules already initialized, skipping
Refreshing native plugins compatible for Editor in 0.41 ms, found 2 plugins.
Preloading 0 native plugins for Editor in 0.00 ms.
Unloading 1442 Unused Serialized files (Serialized files now loaded: 0)
System memory in use before: 66.2 MB.
System memory in use after: 66.3 MB.

Unloading 14 unused Assets to reduce memory usage. Loaded Objects now: 1893.
Total: 1.955500 ms (FindLiveObjects: 0.149600 ms CreateObjectMapping: 0.052800 ms MarkObjects: 1.695500 ms  DeleteObjects: 0.056500 ms)

========================================================================
Received Import Request.
  Time since last request: 389.999379 seconds.
  path: Assets/_Game/[0] Scripts/ScriptableObjects/Heroes/HeroData.cs
  artifactKey: Guid(4935ed5e00ab4a84f993fe4f451b1247) Importer(815301076,1909f56bfc062723c751e8b465ee728b)
Start importing Assets/_Game/[0] Scripts/ScriptableObjects/Heroes/HeroData.cs using Guid(4935ed5e00ab4a84f993fe4f451b1247) Importer(815301076,1909f56bfc062723c751e8b465ee728b)  -> (artifact id: '6de05149b315fdb01dfcf9fbfb9277b3') in 0.010243 seconds
  Import took 0.031098 seconds .

========================================================================
Received Import Request.
  Time since last request: 17.303206 seconds.
  path: Assets/_Game/Models/Hog.fbx
  artifactKey: Guid(abdba0e445e181144b250830ff6bfab5) Importer(815301076,1909f56bfc062723c751e8b465ee728b)
Start importing Assets/_Game/Models/Hog.fbx using Guid(abdba0e445e181144b250830ff6bfab5) Importer(815301076,1909f56bfc062723c751e8b465ee728b)  -> (artifact id: '8e35ba16ebfb6d51e26539767a9b3def') in 0.534512 seconds
  Import took 0.557689 seconds .

========================================================================
Received Import Request.
  Time since last request: 29.233372 seconds.
  path: Assets/_Game/[0] Scripts/ScriptableObjects/BattleData.cs
  artifactKey: Guid(52a7b15a57420ee438e8906e71ffec5c) Importer(815301076,1909f56bfc062723c751e8b465ee728b)
Start importing Assets/_Game/[0] Scripts/ScriptableObjects/BattleData.cs using Guid(52a7b15a57420ee438e8906e71ffec5c) Importer(815301076,1909f56bfc062723c751e8b465ee728b)  -> (artifact id: '31010118147c36ff5775b78c199aa081') in 0.010757 seconds
  Import took 0.145405 seconds .

========================================================================
Received Prepare
Registering precompiled user dll's ...
Registered in 0.008513 seconds.
Begin MonoManager ReloadAssembly
Native extension for WindowsStandalone target not found
Refreshing native plugins compatible for Editor in 0.41 ms, found 2 plugins.
Preloading 0 native plugins for Editor in 0.00 ms.
Mono: successfully reloaded assembly
- Completed reload, in  1.053 seconds
Platform modules already initialized, skipping
Refreshing native plugins compatible for Editor in 0.40 ms, found 2 plugins.
Preloading 0 native plugins for Editor in 0.00 ms.
Unloading 1442 Unused Serialized files (Serialized files now loaded: 0)
System memory in use before: 69.6 MB.
System memory in use after: 69.7 MB.

Unloading 14 unused Assets to reduce memory usage. Loaded Objects now: 1939.
Total: 14.673400 ms (FindLiveObjects: 0.144000 ms CreateObjectMapping: 0.053600 ms MarkObjects: 14.411200 ms  DeleteObjects: 0.063100 ms)

========================================================================
Received Import Request.
  Time since last request: 1398.250687 seconds.
  path: Assets/_Game/[0] Scripts/ScriptableObjects/BattleData.cs
  artifactKey: Guid(52a7b15a57420ee438e8906e71ffec5c) Importer(815301076,1909f56bfc062723c751e8b465ee728b)
Start importing Assets/_Game/[0] Scripts/ScriptableObjects/BattleData.cs using Guid(52a7b15a57420ee438e8906e71ffec5c) Importer(815301076,1909f56bfc062723c751e8b465ee728b)  -> (artifact id: '4bfe747f200f84925e93d9adb8455700') in 0.005203 seconds
  Import took 0.026978 seconds .

AssetImportWorkerClient::OnTransportError - code=2 error=End of file
