Using pre-set license
Built from '2020.3/staging' branch; Version is '2020.3.10f1 (297d780c91bc) revision 2719096'; Using compiler version '192528614'; Build Type 'Release'
OS: 'Windows 10 Pro; OS build 19042.1466; Version 2009; 64bit' Language: 'ru' Physical Memory: 16325 MB
BatchMode: 1, IsHumanControllingUs: 0, StartBugReporterOnCrash: 0, Is64bit: 1, IsPro: 0

 COMMAND LINE ARGUMENTS:
C:\Program Files\Unity\Hub\Editor\2020.3.10f1\Editor\Unity.exe
-adb2
-batchMode
-noUpm
-name
AssetImportWorker0
-projectPath
D:/UnityProjects/GIT/ThatProject/ThatProject
-logFile
Logs/AssetImportWorker0.log
-srvPort
49943
Successfully changed project path to: D:/UnityProjects/GIT/ThatProject/ThatProject
D:/UnityProjects/GIT/ThatProject/ThatProject
Using Asset Import Pipeline V2.
Refreshing native plugins compatible for Editor in 34.26 ms, found 2 plugins.
Preloading 0 native plugins for Editor in 0.00 ms.
Initialize engine version: 2020.3.10f1 (297d780c91bc)
[Subsystems] Discovering subsystems at path C:/Program Files/Unity/Hub/Editor/2020.3.10f1/Editor/Data/Resources/UnitySubsystems
[Subsystems] Discovering subsystems at path D:/UnityProjects/GIT/ThatProject/ThatProject/Assets
GfxDevice: creating device client; threaded=0
Direct3D:
    Version:  Direct3D 11.0 [level 11.1]
    Renderer: NVIDIA GeForce GTX 1060 6GB (ID=0x1b83)
    Vendor:   
    VRAM:     6052 MB
    Driver:   30.0.14.7212
Initialize mono
Mono path[0] = 'C:/Program Files/Unity/Hub/Editor/2020.3.10f1/Editor/Data/Managed'
Mono path[1] = 'C:/Program Files/Unity/Hub/Editor/2020.3.10f1/Editor/Data/MonoBleedingEdge/lib/mono/unityjit'
Mono config path = 'C:/Program Files/Unity/Hub/Editor/2020.3.10f1/Editor/Data/MonoBleedingEdge/etc'
Using monoOptions --debugger-agent=transport=dt_socket,embedding=1,server=y,suspend=n,address=127.0.0.1:56244
Begin MonoManager ReloadAssembly
Registering precompiled unity dll's ...
Register platform support module: C:/Program Files/Unity/Hub/Editor/2020.3.10f1/Editor/Data/PlaybackEngines/WindowsStandaloneSupport/UnityEditor.WindowsStandalone.Extensions.dll
Registered in 0.003715 seconds.
Native extension for WindowsStandalone target not found
Refreshing native plugins compatible for Editor in 35.30 ms, found 2 plugins.
Preloading 0 native plugins for Editor in 0.00 ms.
Mono: successfully reloaded assembly
- Completed reload, in  3.719 seconds
Platform modules already initialized, skipping
Registering precompiled user dll's ...
Registered in 0.006332 seconds.
Begin MonoManager ReloadAssembly
Native extension for WindowsStandalone target not found
Refreshing native plugins compatible for Editor in 0.39 ms, found 2 plugins.
Preloading 0 native plugins for Editor in 0.00 ms.
Mono: successfully reloaded assembly
- Completed reload, in  1.202 seconds
Platform modules already initialized, skipping
========================================================================
Worker process is ready to serve import requests
Launched and connected shader compiler UnityShaderCompiler.exe after 0.04 seconds
Refreshing native plugins compatible for Editor in 0.37 ms, found 2 plugins.
Preloading 0 native plugins for Editor in 0.00 ms.
Unloading 1467 Unused Serialized files (Serialized files now loaded: 0)
System memory in use before: 66.6 MB.
System memory in use after: 66.7 MB.

Unloading 19 unused Assets to reduce memory usage. Loaded Objects now: 1901.
Total: 1.969400 ms (FindLiveObjects: 0.168400 ms CreateObjectMapping: 0.055100 ms MarkObjects: 1.655000 ms  DeleteObjects: 0.089500 ms)

========================================================================
Received Import Request.
  path: Assets/_Game/[0] Scripts/Managers/MapManager.cs
  artifactKey: Guid(36dd7d63cbc016b43b8a8ab8c59ebafd) Importer(815301076,1909f56bfc062723c751e8b465ee728b)
Start importing Assets/_Game/[0] Scripts/Managers/MapManager.cs using Guid(36dd7d63cbc016b43b8a8ab8c59ebafd) Importer(815301076,1909f56bfc062723c751e8b465ee728b)  -> (artifact id: '8d75b16542e42a522f54a5a77fea6e35') in 0.062333 seconds
  Import took 0.064957 seconds .

========================================================================
Received Prepare
Registering precompiled user dll's ...
Registered in 0.006269 seconds.
Begin MonoManager ReloadAssembly
Native extension for WindowsStandalone target not found
Refreshing native plugins compatible for Editor in 0.39 ms, found 2 plugins.
Preloading 0 native plugins for Editor in 0.00 ms.
Mono: successfully reloaded assembly
- Completed reload, in  1.099 seconds
Platform modules already initialized, skipping
Refreshing native plugins compatible for Editor in 0.39 ms, found 2 plugins.
Preloading 0 native plugins for Editor in 0.00 ms.
Unloading 1462 Unused Serialized files (Serialized files now loaded: 0)
System memory in use before: 66.6 MB.
System memory in use after: 66.6 MB.

Unloading 14 unused Assets to reduce memory usage. Loaded Objects now: 1904.
Total: 2.153600 ms (FindLiveObjects: 0.137500 ms CreateObjectMapping: 0.054200 ms MarkObjects: 1.899600 ms  DeleteObjects: 0.060900 ms)

========================================================================
Received Import Request.
  Time since last request: 151.459281 seconds.
  path: Assets/_Game/[0] Scripts/Managers/MapManager.cs
  artifactKey: Guid(36dd7d63cbc016b43b8a8ab8c59ebafd) Importer(815301076,1909f56bfc062723c751e8b465ee728b)
Start importing Assets/_Game/[0] Scripts/Managers/MapManager.cs using Guid(36dd7d63cbc016b43b8a8ab8c59ebafd) Importer(815301076,1909f56bfc062723c751e8b465ee728b)  -> (artifact id: '005c50ec936223c393a543f980a13eac') in 0.005458 seconds
  Import took 0.008757 seconds .

========================================================================
Received Prepare
Registering precompiled user dll's ...
Registered in 0.006715 seconds.
Begin MonoManager ReloadAssembly
Native extension for WindowsStandalone target not found
Refreshing native plugins compatible for Editor in 0.41 ms, found 2 plugins.
Preloading 0 native plugins for Editor in 0.00 ms.
Mono: successfully reloaded assembly
- Completed reload, in  1.213 seconds
Platform modules already initialized, skipping
Refreshing native plugins compatible for Editor in 0.59 ms, found 2 plugins.
Preloading 0 native plugins for Editor in 0.00 ms.
Unloading 1463 Unused Serialized files (Serialized files now loaded: 0)
System memory in use before: 66.7 MB.
System memory in use after: 66.8 MB.

Unloading 14 unused Assets to reduce memory usage. Loaded Objects now: 1908.
Total: 2.104500 ms (FindLiveObjects: 0.173500 ms CreateObjectMapping: 0.068700 ms MarkObjects: 1.797100 ms  DeleteObjects: 0.063500 ms)

========================================================================
Received Import Request.
  Time since last request: 850.408545 seconds.
  path: Assets/_Game/ScriptableObjects/GameProperties/Test.asset
  artifactKey: Guid(27a2fcb606709bd49a61e1db9d6e5be3) Importer(815301076,1909f56bfc062723c751e8b465ee728b)
Start importing Assets/_Game/ScriptableObjects/GameProperties/Test.asset using Guid(27a2fcb606709bd49a61e1db9d6e5be3) Importer(815301076,1909f56bfc062723c751e8b465ee728b)  -> (artifact id: 'd1e2b2a1f47048d8fc1f028f88ddb77f') in 0.039263 seconds
  Import took 0.043033 seconds .

========================================================================
Received Prepare
Registering precompiled user dll's ...
Registered in 0.006888 seconds.
Begin MonoManager ReloadAssembly
Native extension for WindowsStandalone target not found
Refreshing native plugins compatible for Editor in 0.40 ms, found 2 plugins.
Preloading 0 native plugins for Editor in 0.00 ms.
Mono: successfully reloaded assembly
- Completed reload, in  1.062 seconds
Platform modules already initialized, skipping
Refreshing native plugins compatible for Editor in 0.40 ms, found 2 plugins.
Preloading 0 native plugins for Editor in 0.00 ms.
Unloading 1463 Unused Serialized files (Serialized files now loaded: 0)
System memory in use before: 66.7 MB.
System memory in use after: 66.8 MB.

Unloading 14 unused Assets to reduce memory usage. Loaded Objects now: 1912.
Total: 1.982500 ms (FindLiveObjects: 0.170100 ms CreateObjectMapping: 0.054800 ms MarkObjects: 1.700000 ms  DeleteObjects: 0.056100 ms)

========================================================================
Received Prepare
Registering precompiled user dll's ...
Registered in 0.006111 seconds.
Begin MonoManager ReloadAssembly
Native extension for WindowsStandalone target not found
Refreshing native plugins compatible for Editor in 0.38 ms, found 2 plugins.
Preloading 0 native plugins for Editor in 0.00 ms.
Mono: successfully reloaded assembly
- Completed reload, in  1.051 seconds
Platform modules already initialized, skipping
Refreshing native plugins compatible for Editor in 0.39 ms, found 2 plugins.
Preloading 0 native plugins for Editor in 0.00 ms.
Unloading 1463 Unused Serialized files (Serialized files now loaded: 0)
System memory in use before: 66.7 MB.
System memory in use after: 66.8 MB.

Unloading 14 unused Assets to reduce memory usage. Loaded Objects now: 1915.
Total: 1.904400 ms (FindLiveObjects: 0.141900 ms CreateObjectMapping: 0.054600 ms MarkObjects: 1.650600 ms  DeleteObjects: 0.056300 ms)

========================================================================
Received Import Request.
  Time since last request: 166.724036 seconds.
  path: Assets/_Game/ScriptableObjects/GameProperties/Test.asset
  artifactKey: Guid(27a2fcb606709bd49a61e1db9d6e5be3) Importer(815301076,1909f56bfc062723c751e8b465ee728b)
Start importing Assets/_Game/ScriptableObjects/GameProperties/Test.asset using Guid(27a2fcb606709bd49a61e1db9d6e5be3) Importer(815301076,1909f56bfc062723c751e8b465ee728b)  -> (artifact id: '3fca8ee9898e722e679fd0afd91d0c7f') in 0.026141 seconds
  Import took 0.029320 seconds .

========================================================================
Received Prepare
Registering precompiled user dll's ...
Registered in 0.006116 seconds.
Begin MonoManager ReloadAssembly
Native extension for WindowsStandalone target not found
Refreshing native plugins compatible for Editor in 0.39 ms, found 2 plugins.
Preloading 0 native plugins for Editor in 0.00 ms.
Mono: successfully reloaded assembly
- Completed reload, in  1.069 seconds
Platform modules already initialized, skipping
Refreshing native plugins compatible for Editor in 0.40 ms, found 2 plugins.
Preloading 0 native plugins for Editor in 0.00 ms.
Unloading 1463 Unused Serialized files (Serialized files now loaded: 0)
System memory in use before: 66.8 MB.
System memory in use after: 66.9 MB.

Unloading 14 unused Assets to reduce memory usage. Loaded Objects now: 1918.
Total: 1.968800 ms (FindLiveObjects: 0.144700 ms CreateObjectMapping: 0.053100 ms MarkObjects: 1.708600 ms  DeleteObjects: 0.061100 ms)

========================================================================
Received Prepare
Registering precompiled user dll's ...
Registered in 0.081475 seconds.
Begin MonoManager ReloadAssembly
Native extension for WindowsStandalone target not found
Refreshing native plugins compatible for Editor in 0.45 ms, found 2 plugins.
Preloading 0 native plugins for Editor in 0.00 ms.
Mono: successfully reloaded assembly
- Completed reload, in  1.494 seconds
Platform modules already initialized, skipping
Refreshing native plugins compatible for Editor in 0.45 ms, found 2 plugins.
Preloading 0 native plugins for Editor in 0.00 ms.
Unloading 1463 Unused Serialized files (Serialized files now loaded: 0)
System memory in use before: 66.8 MB.
System memory in use after: 66.9 MB.

Unloading 14 unused Assets to reduce memory usage. Loaded Objects now: 1921.
Total: 2.119600 ms (FindLiveObjects: 0.156700 ms CreateObjectMapping: 0.055700 ms MarkObjects: 1.842400 ms  DeleteObjects: 0.063400 ms)

========================================================================
Received Prepare
Registering precompiled user dll's ...
Registered in 0.006332 seconds.
Begin MonoManager ReloadAssembly
Native extension for WindowsStandalone target not found
Refreshing native plugins compatible for Editor in 0.38 ms, found 2 plugins.
Preloading 0 native plugins for Editor in 0.00 ms.
Mono: successfully reloaded assembly
- Completed reload, in  1.100 seconds
Platform modules already initialized, skipping
Refreshing native plugins compatible for Editor in 0.39 ms, found 2 plugins.
Preloading 0 native plugins for Editor in 0.00 ms.
Unloading 1463 Unused Serialized files (Serialized files now loaded: 0)
System memory in use before: 66.8 MB.
System memory in use after: 66.9 MB.

Unloading 14 unused Assets to reduce memory usage. Loaded Objects now: 1924.
Total: 1.902000 ms (FindLiveObjects: 0.143100 ms CreateObjectMapping: 0.053900 ms MarkObjects: 1.648400 ms  DeleteObjects: 0.055400 ms)

========================================================================
Received Import Request.
  Time since last request: 4811.378706 seconds.
  path: Assets/_Game/ScriptableObjects/GameProperties/Test.asset
  artifactKey: Guid(27a2fcb606709bd49a61e1db9d6e5be3) Importer(815301076,1909f56bfc062723c751e8b465ee728b)
Start importing Assets/_Game/ScriptableObjects/GameProperties/Test.asset using Guid(27a2fcb606709bd49a61e1db9d6e5be3) Importer(815301076,1909f56bfc062723c751e8b465ee728b)  -> (artifact id: 'b89b03e4f762373e185f96101d2a61a6') in 0.061699 seconds
  Import took 0.064673 seconds .

========================================================================
Received Prepare
Registering precompiled user dll's ...
Registered in 0.006308 seconds.
Begin MonoManager ReloadAssembly
Native extension for WindowsStandalone target not found
Refreshing native plugins compatible for Editor in 0.43 ms, found 2 plugins.
Preloading 0 native plugins for Editor in 0.00 ms.
Mono: successfully reloaded assembly
- Completed reload, in  1.099 seconds
Platform modules already initialized, skipping
Refreshing native plugins compatible for Editor in 0.39 ms, found 2 plugins.
Preloading 0 native plugins for Editor in 0.00 ms.
Unloading 1463 Unused Serialized files (Serialized files now loaded: 0)
System memory in use before: 66.8 MB.
System memory in use after: 66.9 MB.

Unloading 14 unused Assets to reduce memory usage. Loaded Objects now: 1927.
Total: 2.100600 ms (FindLiveObjects: 0.170700 ms CreateObjectMapping: 0.081800 ms MarkObjects: 1.789300 ms  DeleteObjects: 0.057400 ms)

========================================================================
Received Import Request.
  Time since last request: 251.469872 seconds.
  path: Assets/_Game/ScriptableObjects/GameProperties/Test.asset
  artifactKey: Guid(27a2fcb606709bd49a61e1db9d6e5be3) Importer(815301076,1909f56bfc062723c751e8b465ee728b)
Start importing Assets/_Game/ScriptableObjects/GameProperties/Test.asset using Guid(27a2fcb606709bd49a61e1db9d6e5be3) Importer(815301076,1909f56bfc062723c751e8b465ee728b)  -> (artifact id: '0cc619f8f152100b4c45726430639a4b') in 0.029560 seconds
  Import took 0.033097 seconds .

========================================================================
Received Prepare
Registering precompiled user dll's ...
Registered in 0.006111 seconds.
Begin MonoManager ReloadAssembly
Native extension for WindowsStandalone target not found
Refreshing native plugins compatible for Editor in 0.43 ms, found 2 plugins.
Preloading 0 native plugins for Editor in 0.00 ms.
Mono: successfully reloaded assembly
- Completed reload, in  1.274 seconds
Platform modules already initialized, skipping
Refreshing native plugins compatible for Editor in 0.38 ms, found 2 plugins.
Preloading 0 native plugins for Editor in 0.00 ms.
Unloading 1464 Unused Serialized files (Serialized files now loaded: 0)
System memory in use before: 66.9 MB.
System memory in use after: 66.9 MB.

Unloading 14 unused Assets to reduce memory usage. Loaded Objects now: 1931.
Total: 1.901200 ms (FindLiveObjects: 0.150600 ms CreateObjectMapping: 0.053800 ms MarkObjects: 1.626600 ms  DeleteObjects: 0.069200 ms)

========================================================================
Received Import Request.
  Time since last request: 541.077750 seconds.
  path: Assets/_Game/ScriptableObjects/[CARDS]/Heroes
  artifactKey: Guid(46b00b9a8a894334db282b76d8a80570) Importer(815301076,1909f56bfc062723c751e8b465ee728b)
Start importing Assets/_Game/ScriptableObjects/[CARDS]/Heroes using Guid(46b00b9a8a894334db282b76d8a80570) Importer(815301076,1909f56bfc062723c751e8b465ee728b)  -> (artifact id: '424f009922518115adda06bedbae5bd3') in 0.013383 seconds
  Import took 0.016090 seconds .

========================================================================
Received Import Request.
  Time since last request: 8.333628 seconds.
  path: Assets/_Game/ScriptableObjects/[CARDS]/Heroes/Jpran.asset
  artifactKey: Guid(eb71a54c281afa047894ecebb632e1c5) Importer(815301076,1909f56bfc062723c751e8b465ee728b)
Start importing Assets/_Game/ScriptableObjects/[CARDS]/Heroes/Jpran.asset using Guid(eb71a54c281afa047894ecebb632e1c5) Importer(815301076,1909f56bfc062723c751e8b465ee728b)  -> (artifact id: '3ff26fda10fb392042f4b815756e395d') in 0.021929 seconds
  Import took 0.024724 seconds .

========================================================================
Received Import Request.
  Time since last request: 0.003622 seconds.
  path: Assets/_Game/ScriptableObjects/[CARDS]/Heroes/Jpran.asset
  artifactKey: Guid(eb71a54c281afa047894ecebb632e1c5) Importer(815301076,1909f56bfc062723c751e8b465ee728b)
Start importing Assets/_Game/ScriptableObjects/[CARDS]/Heroes/Jpran.asset using Guid(eb71a54c281afa047894ecebb632e1c5) Importer(815301076,1909f56bfc062723c751e8b465ee728b)  -> (artifact id: '3ff26fda10fb392042f4b815756e395d') in 0.005741 seconds
  Import took 0.009256 seconds .

========================================================================
Received Import Request.
  Time since last request: 4.143402 seconds.
  path: Assets/_Game/ScriptableObjects/[CARDS]/Heroes/Joran.asset
  artifactKey: Guid(eb71a54c281afa047894ecebb632e1c5) Importer(815301076,1909f56bfc062723c751e8b465ee728b)
Start importing Assets/_Game/ScriptableObjects/[CARDS]/Heroes/Joran.asset using Guid(eb71a54c281afa047894ecebb632e1c5) Importer(815301076,1909f56bfc062723c751e8b465ee728b)  -> (artifact id: '50f78c355381ced993696a2473ade601') in 0.012854 seconds
  Import took 0.015991 seconds .

========================================================================
Received Import Request.
  Time since last request: 0.007788 seconds.
  path: Assets/_Game/ScriptableObjects/[CARDS]/Heroes/Joran.asset
  artifactKey: Guid(eb71a54c281afa047894ecebb632e1c5) Importer(815301076,1909f56bfc062723c751e8b465ee728b)
Start importing Assets/_Game/ScriptableObjects/[CARDS]/Heroes/Joran.asset using Guid(eb71a54c281afa047894ecebb632e1c5) Importer(815301076,1909f56bfc062723c751e8b465ee728b)  -> (artifact id: '50f78c355381ced993696a2473ade601') in 0.004967 seconds
  Import took 0.007848 seconds .

========================================================================
Received Import Request.
  Time since last request: 27.874234 seconds.
  path: Assets/_Game/Prefabs/Heroes/Joran.prefab
  artifactKey: Guid(723077c244bc3e2428109cc5d9d1c6ee) Importer(815301076,1909f56bfc062723c751e8b465ee728b)
Start importing Assets/_Game/Prefabs/Heroes/Joran.prefab using Guid(723077c244bc3e2428109cc5d9d1c6ee) Importer(815301076,1909f56bfc062723c751e8b465ee728b)  -> (artifact id: '0e158e25882488e4b6d7b07161156838') in 0.080890 seconds
  Import took 0.083735 seconds .

========================================================================
Received Import Request.
  Time since last request: 0.000295 seconds.
  path: Assets/_Game/ScriptableObjects/[CARDS]/Heroes/Joran.asset
  artifactKey: Guid(eb71a54c281afa047894ecebb632e1c5) Importer(815301076,1909f56bfc062723c751e8b465ee728b)
Start importing Assets/_Game/ScriptableObjects/[CARDS]/Heroes/Joran.asset using Guid(eb71a54c281afa047894ecebb632e1c5) Importer(815301076,1909f56bfc062723c751e8b465ee728b)  -> (artifact id: '0cf81dad976e957040e18317c6a40d47') in 0.005426 seconds
  Import took 0.007943 seconds .

========================================================================
Received Prepare
Registering precompiled user dll's ...
Registered in 0.006301 seconds.
Begin MonoManager ReloadAssembly
Native extension for WindowsStandalone target not found
Refreshing native plugins compatible for Editor in 0.40 ms, found 2 plugins.
Preloading 0 native plugins for Editor in 0.00 ms.
Mono: successfully reloaded assembly
- Completed reload, in  1.064 seconds
Platform modules already initialized, skipping
Refreshing native plugins compatible for Editor in 0.39 ms, found 2 plugins.
Preloading 0 native plugins for Editor in 0.00 ms.
Unloading 1464 Unused Serialized files (Serialized files now loaded: 0)
System memory in use before: 70.0 MB.
System memory in use after: 70.0 MB.

Unloading 15 unused Assets to reduce memory usage. Loaded Objects now: 1941.
Total: 2.095200 ms (FindLiveObjects: 0.143000 ms CreateObjectMapping: 0.052600 ms MarkObjects: 1.839000 ms  DeleteObjects: 0.059600 ms)

========================================================================
Received Import Request.
  Time since last request: 86.956034 seconds.
  path: Assets/_Game/ScriptableObjects/[CARDS]/Heroes/Joran.asset
  artifactKey: Guid(eb71a54c281afa047894ecebb632e1c5) Importer(815301076,1909f56bfc062723c751e8b465ee728b)
Start importing Assets/_Game/ScriptableObjects/[CARDS]/Heroes/Joran.asset using Guid(eb71a54c281afa047894ecebb632e1c5) Importer(815301076,1909f56bfc062723c751e8b465ee728b)  -> (artifact id: '1050a9cf3bec53908f9deebe6097faab') in 0.020165 seconds
  Import took 0.045320 seconds .

========================================================================
Received Prepare
Registering precompiled user dll's ...
Registered in 0.006215 seconds.
Begin MonoManager ReloadAssembly
Native extension for WindowsStandalone target not found
Refreshing native plugins compatible for Editor in 0.39 ms, found 2 plugins.
Preloading 0 native plugins for Editor in 0.00 ms.
Mono: successfully reloaded assembly
- Completed reload, in  1.063 seconds
Platform modules already initialized, skipping
Refreshing native plugins compatible for Editor in 0.39 ms, found 2 plugins.
Preloading 0 native plugins for Editor in 0.00 ms.
Unloading 1464 Unused Serialized files (Serialized files now loaded: 0)
System memory in use before: 70.0 MB.
System memory in use after: 70.1 MB.

Unloading 14 unused Assets to reduce memory usage. Loaded Objects now: 1944.
Total: 2.199900 ms (FindLiveObjects: 0.149000 ms CreateObjectMapping: 0.054500 ms MarkObjects: 1.936900 ms  DeleteObjects: 0.058400 ms)

========================================================================
Received Prepare
Registering precompiled user dll's ...
Registered in 0.006278 seconds.
Begin MonoManager ReloadAssembly
Native extension for WindowsStandalone target not found
Refreshing native plugins compatible for Editor in 0.38 ms, found 2 plugins.
Preloading 0 native plugins for Editor in 0.00 ms.
Mono: successfully reloaded assembly
- Completed reload, in  1.074 seconds
Platform modules already initialized, skipping
Refreshing native plugins compatible for Editor in 0.39 ms, found 2 plugins.
Preloading 0 native plugins for Editor in 0.00 ms.
Unloading 1464 Unused Serialized files (Serialized files now loaded: 0)
System memory in use before: 69.9 MB.
System memory in use after: 70.0 MB.

Unloading 14 unused Assets to reduce memory usage. Loaded Objects now: 1947.
Total: 1.933600 ms (FindLiveObjects: 0.152700 ms CreateObjectMapping: 0.053800 ms MarkObjects: 1.666500 ms  DeleteObjects: 0.059300 ms)

========================================================================
Received Import Request.
  Time since last request: 933.694476 seconds.
  path: Assets/_Game/ScriptableObjects/[CARDS]/Heroes/Joran.asset
  artifactKey: Guid(eb71a54c281afa047894ecebb632e1c5) Importer(815301076,1909f56bfc062723c751e8b465ee728b)
Start importing Assets/_Game/ScriptableObjects/[CARDS]/Heroes/Joran.asset using Guid(eb71a54c281afa047894ecebb632e1c5) Importer(815301076,1909f56bfc062723c751e8b465ee728b)  -> (artifact id: '2f535263ddd1ec8255e32322927460b9') in 0.022604 seconds
  Import took 0.026325 seconds .

========================================================================
Received Import Request.
  Time since last request: 7.507326 seconds.
  path: Assets/_Game/ScriptableObjects/[CARDS]/Creatures/01 Hog/Hog.asset
  artifactKey: Guid(167467b45a29dc641bf7486588f0423b) Importer(815301076,1909f56bfc062723c751e8b465ee728b)
Start importing Assets/_Game/ScriptableObjects/[CARDS]/Creatures/01 Hog/Hog.asset using Guid(167467b45a29dc641bf7486588f0423b) Importer(815301076,1909f56bfc062723c751e8b465ee728b)  -> (artifact id: '6cb2979ddcca4a9d3e4405e05c4cee0d') in 0.030326 seconds
  Import took 0.033394 seconds .

========================================================================
Received Import Request.
  Time since last request: 6.684324 seconds.
  path: Assets/_Game/ScriptableObjects/[CARDS]/Creatures/02 Skif/Skif.asset
  artifactKey: Guid(dc49188f414d4ea4ba144f2f2d90a8ca) Importer(815301076,1909f56bfc062723c751e8b465ee728b)
Start importing Assets/_Game/ScriptableObjects/[CARDS]/Creatures/02 Skif/Skif.asset using Guid(dc49188f414d4ea4ba144f2f2d90a8ca) Importer(815301076,1909f56bfc062723c751e8b465ee728b)  -> (artifact id: '06235c47e5e923c3389e3a051bcdc18f') in 0.012789 seconds
  Import took 0.016222 seconds .

========================================================================
Received Import Request.
  Time since last request: 3.699598 seconds.
  path: Assets/_Game/ScriptableObjects/[CARDS]/Creatures/03 Wolf/Wolf.asset
  artifactKey: Guid(c0569d0c682dd6546a61f107584224cd) Importer(815301076,1909f56bfc062723c751e8b465ee728b)
Start importing Assets/_Game/ScriptableObjects/[CARDS]/Creatures/03 Wolf/Wolf.asset using Guid(c0569d0c682dd6546a61f107584224cd) Importer(815301076,1909f56bfc062723c751e8b465ee728b)  -> (artifact id: '123a602202403185b3ad05cc8710cda9') in 0.010887 seconds
  Import took 0.014270 seconds .

========================================================================
Received Import Request.
  Time since last request: 5.860082 seconds.
  path: Assets/_Game/ScriptableObjects/[CARDS]/Creatures/04 Bear/Bear.asset
  artifactKey: Guid(688c87b0c3c3a9f42ad8cfdf7963ceb0) Importer(815301076,1909f56bfc062723c751e8b465ee728b)
Start importing Assets/_Game/ScriptableObjects/[CARDS]/Creatures/04 Bear/Bear.asset using Guid(688c87b0c3c3a9f42ad8cfdf7963ceb0) Importer(815301076,1909f56bfc062723c751e8b465ee728b)  -> (artifact id: '49f569ae0c5505c9c0aa55fbb72a958c') in 0.009985 seconds
  Import took 0.013288 seconds .

========================================================================
Received Import Request.
  Time since last request: 2.677787 seconds.
  path: Assets/_Game/ScriptableObjects/[CARDS]/Creatures/05 Spider/Spider.asset
  artifactKey: Guid(e1cb1f6763e1eba498e3311ff17caf4f) Importer(815301076,1909f56bfc062723c751e8b465ee728b)
Start importing Assets/_Game/ScriptableObjects/[CARDS]/Creatures/05 Spider/Spider.asset using Guid(e1cb1f6763e1eba498e3311ff17caf4f) Importer(815301076,1909f56bfc062723c751e8b465ee728b)  -> (artifact id: 'fcf6911b6baf08d28beb051e5e4a3eaf') in 0.011597 seconds
  Import took 0.014686 seconds .

========================================================================
Received Import Request.
  Time since last request: 3.272073 seconds.
  path: Assets/_Game/ScriptableObjects/[CARDS]/Creatures/08 Ice Golem/Ice Golem.asset
  artifactKey: Guid(7cbfb3cadfa77034d8d0d78781910e5e) Importer(815301076,1909f56bfc062723c751e8b465ee728b)
Start importing Assets/_Game/ScriptableObjects/[CARDS]/Creatures/08 Ice Golem/Ice Golem.asset using Guid(7cbfb3cadfa77034d8d0d78781910e5e) Importer(815301076,1909f56bfc062723c751e8b465ee728b)  -> (artifact id: 'caa02626829e9ab75c431ac9fd3fdddb') in 0.008434 seconds
  Import took 0.011757 seconds .

========================================================================
Received Prepare
Registering precompiled user dll's ...
Registered in 0.006075 seconds.
Begin MonoManager ReloadAssembly
Native extension for WindowsStandalone target not found
Refreshing native plugins compatible for Editor in 0.38 ms, found 2 plugins.
Preloading 0 native plugins for Editor in 0.00 ms.
Mono: successfully reloaded assembly
- Completed reload, in  1.087 seconds
Platform modules already initialized, skipping
Refreshing native plugins compatible for Editor in 0.39 ms, found 2 plugins.
Preloading 0 native plugins for Editor in 0.00 ms.
Unloading 1464 Unused Serialized files (Serialized files now loaded: 0)
System memory in use before: 70.0 MB.
System memory in use after: 70.1 MB.

Unloading 14 unused Assets to reduce memory usage. Loaded Objects now: 1950.
Total: 1.935900 ms (FindLiveObjects: 0.151000 ms CreateObjectMapping: 0.055100 ms MarkObjects: 1.668800 ms  DeleteObjects: 0.059600 ms)

========================================================================
Received Prepare
Registering precompiled user dll's ...
Registered in 0.006153 seconds.
Begin MonoManager ReloadAssembly
Native extension for WindowsStandalone target not found
Refreshing native plugins compatible for Editor in 0.39 ms, found 2 plugins.
Preloading 0 native plugins for Editor in 0.00 ms.
Mono: successfully reloaded assembly
- Completed reload, in  1.239 seconds
Platform modules already initialized, skipping
Refreshing native plugins compatible for Editor in 0.39 ms, found 2 plugins.
Preloading 0 native plugins for Editor in 0.00 ms.
Unloading 1465 Unused Serialized files (Serialized files now loaded: 0)
System memory in use before: 70.0 MB.
System memory in use after: 70.1 MB.

Unloading 14 unused Assets to reduce memory usage. Loaded Objects now: 1954.
Total: 2.077600 ms (FindLiveObjects: 0.167400 ms CreateObjectMapping: 0.052800 ms MarkObjects: 1.778800 ms  DeleteObjects: 0.076700 ms)

========================================================================
Received Prepare
Registering precompiled user dll's ...
Registered in 0.006103 seconds.
Begin MonoManager ReloadAssembly
Native extension for WindowsStandalone target not found
Refreshing native plugins compatible for Editor in 0.39 ms, found 2 plugins.
Preloading 0 native plugins for Editor in 0.00 ms.
Mono: successfully reloaded assembly
- Completed reload, in  1.085 seconds
Platform modules already initialized, skipping
Refreshing native plugins compatible for Editor in 0.40 ms, found 2 plugins.
Preloading 0 native plugins for Editor in 0.00 ms.
Unloading 1465 Unused Serialized files (Serialized files now loaded: 0)
System memory in use before: 70.0 MB.
System memory in use after: 70.1 MB.

Unloading 14 unused Assets to reduce memory usage. Loaded Objects now: 1957.
Total: 1.979000 ms (FindLiveObjects: 0.154500 ms CreateObjectMapping: 0.053800 ms MarkObjects: 1.711900 ms  DeleteObjects: 0.057500 ms)

